<?xml version="1.0" encoding="UTF-8"?>
<!-- Generated by org.testng.reporters.JUnitXMLReporter -->
<testsuite ignored="0" hostname="DESKTOP-1N09MB5" failures="1" tests="4" name="7rmartSupermarket" time="22.671" errors="0" timestamp="2024-12-10T14:23:35 IST">
  <testcase classname="testscript.LoginTest" name="verifyUserIsAbleToLogin_InValidCredentials" time="0.845">
    <failure type="java.lang.AssertionError" message="Alert is not loaded expected [false] but found [true]">
      <![CDATA[java.lang.AssertionError: Alert is not loaded expected [false] but found [true]
at testscript.LoginTest.verifyUserIsAbleToLogin_InValidCredentials(LoginTest.java:42)
at java.base/java.util.ArrayList.forEach(ArrayList.java:1597)
... Removed 28 stack frames]]>
    </failure>
  </testcase> <!-- verifyUserIsAbleToLogin_InValidCredentials -->
  <testcase classname="testscript.LoginTest" name="verifyUserIsAbleToLogin_InValidUsernamevalidPassword" time="2.138"/>
  <testcase classname="testscript.LoginTest" name="verifyUserIsAbleToLogin_ValidCredentials" time="0.859"/>
  <testcase classname="testscript.LoginTest" name="verifyUserIsAbleToLogin_ValidUsernameInvalidPasswaord" time="0.91"/>
</testsuite> <!-- 7rmartSupermarket -->
